<?xml version="1.0" encoding="UTF-8"?>
<testng-results ignored="0" total="1" passed="1" failed="0" skipped="0">
  <reporter-output>
  </reporter-output>
  <suite started-at="2023-03-13T10:55:02 EDT" name="Default suite" finished-at="2023-03-13T10:55:12 EDT" duration-ms="10269">
    <groups>
    </groups>
    <test started-at="2023-03-13T10:55:02 EDT" name="Default test" finished-at="2023-03-13T10:55:12 EDT" duration-ms="10269">
      <class name="interview_test.InterviewTest">
        <test-method signature="addAndDeleteElements()[pri:0, instance:interview_test.InterviewTest@618425b5]" started-at="2023-03-13T10:55:02 EDT" name="addAndDeleteElements" description="Add Element, validate added elements count and delete all" finished-at="2023-03-13T10:55:12 EDT" duration-ms="10149" status="PASS">
          <reporter-output>
          </reporter-output>
        </test-method> <!-- addAndDeleteElements -->
      </class> <!-- interview_test.InterviewTest -->
    </test> <!-- Default test -->
  </suite> <!-- Default suite -->
</testng-results>
